<?xml version="1.0" encoding="UTF-8"?>
<testsuite xmlns:xsi="http://www.w3.org/2001/XMLSchema-instance" xsi:noNamespaceSchemaLocation="https://maven.apache.org/surefire/maven-surefire-plugin/xsd/surefire-test-report-3.0.xsd" version="3.0" name="com.organica.OrganicaApplicationTests" time="11.899" tests="1" errors="0" skipped="0" failures="0">
  <properties>
[...]
</properties>
  <testcase name="contextLoads" classname="com.organica.OrganicaApplicationTests" time="1.046">
    <system-out><![CDATA[16:03:03.717 [main] INFO org.springframework.test.context.support.AnnotationConfigContextLoaderUtils -- Could not detect default configuration classes for test class [com.organica.OrganicaApplicationTests]: OrganicaApplicationTests does not declare any static, non-private, non-final, nested classes annotated with @Configuration.
16:03:03.941 [main] INFO org.springframework.boot.test.context.SpringBootTestContextBootstrapper -- Found @SpringBootConfiguration com.organica.OrganicaApplication for test class com.organica.OrganicaApplicationTests

  .   ____          _            __ _ _
 /\\ / ___'_ __ _ _(_)_ __  __ _ \ \ \ \
( ( )\___ | '_ | '_| | '_ \/ _` | \ \ \ \
 \\/  ___)| |_)| | | | | || (_| |  ) ) ) )
  '  |____| .__|_| |_|_| |_\__, | / / / /
 =========|_|==============|___/=/_/_/_/
 :: Spring Boot ::                (v3.1.0)

2023-06-16T16:03:04.890+05:30  WARN 4024 --- [           main] ory$DuplicateJsonObjectContextCustomizer : 

Found multiple occurrences of org.json.JSONObject on the class path:

	jar:file:/C:/Users/vivek/.m2/repository/com/vaadin/external/google/android-json/0.0.20131108.vaadin1/android-json-0.0.20131108.vaadin1.jar!/org/json/JSONObject.class
	jar:file:/C:/Users/vivek/.m2/repository/org/json/json/20180130/json-20180130.jar!/org/json/JSONObject.class

You may wish to exclude one of them to ensure predictable runtime behavior

2023-06-16T16:03:04.923+05:30  INFO 4024 --- [           main] com.organica.OrganicaApplicationTests    : Starting OrganicaApplicationTests using Java 17.0.6 with PID 4024 (started by vivek in D:\java\Organica\Server)
2023-06-16T16:03:04.925+05:30  INFO 4024 --- [           main] com.organica.OrganicaApplicationTests    : No active profile set, falling back to 1 default profile: "default"
2023-06-16T16:03:06.447+05:30  INFO 4024 --- [           main] .s.d.r.c.RepositoryConfigurationDelegate : Bootstrapping Spring Data JPA repositories in DEFAULT mode.
2023-06-16T16:03:06.623+05:30  INFO 4024 --- [           main] .s.d.r.c.RepositoryConfigurationDelegate : Finished Spring Data repository scanning in 159 ms. Found 4 JPA repository interfaces.
2023-06-16T16:03:07.748+05:30  INFO 4024 --- [           main] o.hibernate.jpa.internal.util.LogHelper  : HHH000204: Processing PersistenceUnitInfo [name: default]
2023-06-16T16:03:07.878+05:30  INFO 4024 --- [           main] org.hibernate.Version                    : HHH000412: Hibernate ORM core version 6.2.2.Final
2023-06-16T16:03:07.883+05:30  INFO 4024 --- [           main] org.hibernate.cfg.Environment            : HHH000406: Using bytecode reflection optimizer
2023-06-16T16:03:08.261+05:30  INFO 4024 --- [           main] o.h.b.i.BytecodeProviderInitiator        : HHH000021: Bytecode provider name : bytebuddy
2023-06-16T16:03:08.532+05:30  INFO 4024 --- [           main] o.s.o.j.p.SpringPersistenceUnitInfo      : No LoadTimeWeaver setup: ignoring JPA class transformer
2023-06-16T16:03:08.562+05:30  INFO 4024 --- [           main] com.zaxxer.hikari.HikariDataSource       : HikariPool-1 - Starting...
2023-06-16T16:03:09.259+05:30  INFO 4024 --- [           main] com.zaxxer.hikari.pool.HikariPool        : HikariPool-1 - Added connection com.mysql.cj.jdbc.ConnectionImpl@15d88c10
2023-06-16T16:03:09.265+05:30  INFO 4024 --- [           main] com.zaxxer.hikari.HikariDataSource       : HikariPool-1 - Start completed.
2023-06-16T16:03:09.385+05:30  INFO 4024 --- [           main] org.hibernate.orm.dialect                : HHH035001: Using dialect: org.hibernate.dialect.MySQL8Dialect, version: 8.0
2023-06-16T16:03:09.396+05:30  WARN 4024 --- [           main] org.hibernate.orm.deprecation            : HHH90000026: MySQL8Dialect has been deprecated; use org.hibernate.dialect.MySQLDialect instead
2023-06-16T16:03:09.994+05:30  INFO 4024 --- [           main] o.h.b.i.BytecodeProviderInitiator        : HHH000021: Bytecode provider name : bytebuddy
2023-06-16T16:03:11.459+05:30  INFO 4024 --- [           main] o.h.e.t.j.p.i.JtaPlatformInitiator       : HHH000490: Using JtaPlatform implementation: [org.hibernate.engine.transaction.jta.platform.internal.NoJtaPlatform]
2023-06-16T16:03:11.736+05:30  INFO 4024 --- [           main] j.LocalContainerEntityManagerFactoryBean : Initialized JPA EntityManagerFactory for persistence unit 'default'
2023-06-16T16:03:12.938+05:30  WARN 4024 --- [           main] JpaBaseConfiguration$JpaWebConfiguration : spring.jpa.open-in-view is enabled by default. Therefore, database queries may be performed during view rendering. Explicitly configure spring.jpa.open-in-view to disable this warning
2023-06-16T16:03:13.572+05:30  INFO 4024 --- [           main] o.s.s.web.DefaultSecurityFilterChain     : Will secure any request with [org.springframework.security.web.session.DisableEncodeUrlFilter@202ba60a, org.springframework.security.web.context.request.async.WebAsyncManagerIntegrationFilter@12ebcdf6, org.springframework.security.web.context.SecurityContextHolderFilter@244c0fbe, org.springframework.security.web.header.HeaderWriterFilter@19b4dd60, org.springframework.security.web.authentication.logout.LogoutFilter@2f70d78c, com.organica.config.JwtAuthenticationFilter@5315210d, org.springframework.security.web.savedrequest.RequestCacheAwareFilter@1188e08b, org.springframework.security.web.servletapi.SecurityContextHolderAwareRequestFilter@3857c5d5, org.springframework.security.web.authentication.AnonymousAuthenticationFilter@30dd23e2, org.springframework.security.web.session.SessionManagementFilter@5692863, org.springframework.security.web.access.ExceptionTranslationFilter@25fc2b8f, org.springframework.security.web.access.intercept.AuthorizationFilter@5f1dadf4]
2023-06-16T16:03:14.199+05:30  INFO 4024 --- [           main] com.organica.OrganicaApplicationTests    : Started OrganicaApplicationTests in 9.877 seconds (process running for 11.963)
]]></system-out>
  </testcase>
</testsuite>